[2024-05-03 18:28:52,645]361flask_cors.core-WARNING-Unknown option passed to Flask-CORS: support_credentials
[2024-05-03 18:28:52,645]361flask_cors.core-WARNING-Unknown option passed to Flask-CORS: support_credentials
[2024-05-03 18:28:52,691]96werkzeug-INFO-[31m[1mWARNING: This is a development server. Do not use it in a production deployment. Use a production WSGI server instead.[0m
 * Running on all addresses (0.0.0.0)
 * Running on http://127.0.0.1:5000
 * Running on http://172.16.12.143:5000
[2024-05-03 18:28:52,692]96werkzeug-INFO-[33mPress CTRL+C to quit[0m
[2024-05-03 18:28:52,694]96werkzeug-INFO- * Restarting with stat
[2024-05-03 18:34:36,022]96werkzeug-INFO- * Restarting with stat
[2024-05-03 18:36:09,323]96werkzeug-INFO- * Restarting with stat
[2024-05-03 18:36:37,482]96werkzeug-INFO- * Restarting with stat
[2024-05-03 18:36:54,358]96werkzeug-INFO- * Restarting with stat
[2024-05-03 18:37:26,193]96werkzeug-INFO- * Restarting with stat
[2024-05-03 18:45:00,135]96werkzeug-INFO- * Restarting with stat
[2024-05-03 18:45:41,932]96werkzeug-INFO- * Restarting with stat
[2024-05-03 18:49:35,414]96werkzeug-INFO- * Restarting with stat
[2024-05-03 18:49:55,678]96werkzeug-INFO- * Restarting with stat
[2024-05-03 18:50:40,356]96werkzeug-INFO- * Restarting with stat
[2024-05-03 18:52:23,787]96werkzeug-INFO- * Restarting with stat
[2024-05-03 18:52:34,708]96werkzeug-INFO- * Restarting with stat
[2024-05-03 18:52:50,859]96werkzeug-INFO- * Restarting with stat
[2024-05-03 18:53:20,640]96werkzeug-INFO- * Restarting with stat
[2024-05-03 18:53:46,624]96werkzeug-INFO- * Restarting with stat
[2024-05-03 18:55:18,268]96werkzeug-INFO- * Restarting with stat
[2024-05-03 18:55:38,763]96werkzeug-INFO- * Restarting with stat
[2024-05-03 18:56:03,704]96werkzeug-INFO- * Restarting with stat
